{
  "RSpec": {
    "coverage": {
      "/home/remote-accelerator-1776/tic-tac-toe-rb-online-web-sp-000/lib/tic_tac_toe.rb": [
        1,
        null,
        null,
        1,
        null,
        null,
        null,
        null,
        null,
        null,
        null,
        null,
        null,
        1,
        18,
        18,
        18,
        18,
        18,
        null,
        null,
        1,
        18,
        null,
        null,
        1,
        18,
        null,
        null,
        1,
        18,
        null,
        null,
        1,
        18,
        null,
        null,
        1,
        25,
        25,
        225,
        40,
        null,
        null,
        25,
        null,
        null,
        1,
        18,
        11,
        7,
        7,
        null,
        null,
        null,
        1,
        18,
        18,
        18,
        18,
        18,
        18,
        18,
        null,
        0,
        null,
        null,
        null,
        1,
        35,
        223,
        223,
        223,
        null,
        223,
        223,
        223,
        223,
        9,
        214,
        3,
        null,
        null,
        23,
        null,
        null,
        1,
        17,
        78,
        null,
        null,
        null,
        1,
        17,
        4,
        4,
        null,
        null,
        null,
        null,
        1,
        null,
        null,
        null,
        null,
        null,
        null,
        null,
        23,
        null,
        null,
        null,
        1,
        4,
        0,
        0,
        0,
        0,
        null,
        0,
        0,
        0,
        0,
        0,
        0,
        0,
        null,
        null,
        null,
        null,
        null,
        null,
        1,
        12,
        18,
        null,
        null,
        null,
        12,
        5,
        7,
        3,
        null,
        4,
        null,
        null,
        null,
        null
      ]
    },
    "timestamp": 1595957126
  }
}
