{
  "RSpec": {
    "coverage": {
      "/home/remote-accelerator-1776/tic-tac-toe-rb-online-web-sp-000/lib/tic_tac_toe.rb": [
        null,
        1,
        null,
        null,
        null,
        null,
        null,
        null,
        null,
        null,
        null,
        1,
        17,
        17,
        17,
        17,
        17,
        null,
        null,
        1,
        8711,
        null,
        null,
        1,
        17,
        null,
        null,
        1,
        8711,
        null,
        null,
        1,
        8711,
        null,
        null,
        1,
        17411,
        17411,
        156699,
        52204,
        null,
        null,
        17411,
        null,
        null,
        1,
        8711,
        11,
        8700,
        8700,
        null,
        null,
        null,
        1,
        8712,
        8711,
        8711,
        8711,
        8711,
        17,
        17,
        null,
        8694,
        null,
        null,
        null,
        1,
        99,
        715,
        715,
        715,
        null,
        715,
        715,
        715,
        715,
        23,
        692,
        7,
        null,
        null,
        69,
        null,
        null,
        1,
        122,
        501,
        null,
        null,
        null,
        1,
        122,
        4,
        4,
        null,
        null,
        null,
        null,
        1,
        22,
        119,
        3,
        116,
        8,
        null,
        null,
        null,
        null,
        null,
        1,
        4,
        4,
        13,
        13,
        13,
        null,
        13,
        13,
        13,
        13,
        3,
        10,
        1,
        null,
        null,
        null,
        null,
        null,
        null,
        1,
        12,
        18,
        null,
        null,
        null,
        11,
        4,
        7,
        3,
        null,
        4,
        null,
        null,
        null,
        null
      ]
    },
    "timestamp": 1595955521
  }
}
